[2021-04-08T17:35:11.557] [ERROR] http - ::1 - - "GET /codefly/check_update HTTP/1.1" 404 159 "" "Mozilla/5.0 (Macintosh; Intel Mac OS X 11_2_3) AppleWebKit/537.36 (KHTML, like Gecko) Chrome/89.0.4389.114 Safari/537.36"
[2021-04-08T17:35:28.370] [ERROR] http - ::1 - - "GET /codefly/update_check HTTP/1.1" 404 159 "" "Mozilla/5.0 (Macintosh; Intel Mac OS X 11_2_3) AppleWebKit/537.36 (KHTML, like Gecko) Chrome/89.0.4389.114 Safari/537.36"
[2021-04-08T17:35:35.888] [ERROR] http - ::1 - - "GET /codefly/update_check HTTP/1.1" 404 159 "" "Mozilla/5.0 (Macintosh; Intel Mac OS X 11_2_3) AppleWebKit/537.36 (KHTML, like Gecko) Chrome/89.0.4389.114 Safari/537.36"
[2021-04-08T17:35:55.840] [ERROR] http - ::1 - - "GET /favicon.ico HTTP/1.1" 404 150 "http://localhost:3000/banner" "Mozilla/5.0 (Macintosh; Intel Mac OS X 11_2_3) AppleWebKit/537.36 (KHTML, like Gecko) Chrome/89.0.4389.114 Safari/537.36"
[2021-04-08T17:37:16.637] [ERROR] http - ::1 - - "GET /codefly/update_check HTTP/1.1" 404 159 "" "Mozilla/5.0 (Macintosh; Intel Mac OS X 11_2_3) AppleWebKit/537.36 (KHTML, like Gecko) Chrome/89.0.4389.114 Safari/537.36"
[2021-04-08T17:55:10.113] [ERROR] http - ::ffff:172.20.10.4 - - "GET /codefly/check_update HTTP/1.1" 404 159 "" "Mozilla/5.0 (Macintosh; Intel Mac OS X 11_2_3) AppleWebKit/537.36 (KHTML, like Gecko) Chrome/89.0.4389.114 Safari/537.36"
[2021-04-08T17:55:19.212] [ERROR] http - ::ffff:172.20.10.4 - - "GET /favicon.ico HTTP/1.1" 404 150 "http://172.20.10.4:3000/codefly/update_check" "Mozilla/5.0 (Macintosh; Intel Mac OS X 11_2_3) AppleWebKit/537.36 (KHTML, like Gecko) Chrome/89.0.4389.114 Safari/537.36"
[2021-04-08T17:58:55.099] [WARN] http - ::1 - - "GET /codefly/update_check HTTP/1.1" 304 - "" "Mozilla/5.0 (Macintosh; Intel Mac OS X 11_2_3) AppleWebKit/537.36 (KHTML, like Gecko) Chrome/89.0.4389.114 Safari/537.36"
[2021-04-08T17:59:04.844] [WARN] http - ::1 - - "GET /codefly/update_check HTTP/1.1" 304 - "" "Mozilla/5.0 (Macintosh; Intel Mac OS X 11_2_3) AppleWebKit/537.36 (KHTML, like Gecko) Chrome/89.0.4389.114 Safari/537.36"
[2021-04-08T17:59:05.461] [WARN] http - ::1 - - "GET /codefly/update_check HTTP/1.1" 304 - "" "Mozilla/5.0 (Macintosh; Intel Mac OS X 11_2_3) AppleWebKit/537.36 (KHTML, like Gecko) Chrome/89.0.4389.114 Safari/537.36"
[2021-04-08T17:59:05.668] [WARN] http - ::1 - - "GET /codefly/update_check HTTP/1.1" 304 - "" "Mozilla/5.0 (Macintosh; Intel Mac OS X 11_2_3) AppleWebKit/537.36 (KHTML, like Gecko) Chrome/89.0.4389.114 Safari/537.36"
[2021-04-08T17:59:05.813] [WARN] http - ::1 - - "GET /codefly/update_check HTTP/1.1" 304 - "" "Mozilla/5.0 (Macintosh; Intel Mac OS X 11_2_3) AppleWebKit/537.36 (KHTML, like Gecko) Chrome/89.0.4389.114 Safari/537.36"
[2021-04-08T18:09:37.549] [WARN] http - ::1 - - "GET /codefly/update_check HTTP/1.1" 304 - "" "Mozilla/5.0 (Macintosh; Intel Mac OS X 11_2_3) AppleWebKit/537.36 (KHTML, like Gecko) Chrome/89.0.4389.114 Safari/537.36"
[2021-04-08T18:09:38.503] [WARN] http - ::1 - - "GET /codefly/update_check HTTP/1.1" 304 - "" "Mozilla/5.0 (Macintosh; Intel Mac OS X 11_2_3) AppleWebKit/537.36 (KHTML, like Gecko) Chrome/89.0.4389.114 Safari/537.36"
[2021-04-08T18:09:38.801] [WARN] http - ::1 - - "GET /codefly/update_check HTTP/1.1" 304 - "" "Mozilla/5.0 (Macintosh; Intel Mac OS X 11_2_3) AppleWebKit/537.36 (KHTML, like Gecko) Chrome/89.0.4389.114 Safari/537.36"
[2021-04-08T18:09:39.092] [WARN] http - ::1 - - "GET /codefly/update_check HTTP/1.1" 304 - "" "Mozilla/5.0 (Macintosh; Intel Mac OS X 11_2_3) AppleWebKit/537.36 (KHTML, like Gecko) Chrome/89.0.4389.114 Safari/537.36"
[2021-04-08T18:09:39.251] [WARN] http - ::1 - - "GET /codefly/update_check HTTP/1.1" 304 - "" "Mozilla/5.0 (Macintosh; Intel Mac OS X 11_2_3) AppleWebKit/537.36 (KHTML, like Gecko) Chrome/89.0.4389.114 Safari/537.36"
[2021-04-08T18:09:39.399] [WARN] http - ::1 - - "GET /codefly/update_check HTTP/1.1" 304 - "" "Mozilla/5.0 (Macintosh; Intel Mac OS X 11_2_3) AppleWebKit/537.36 (KHTML, like Gecko) Chrome/89.0.4389.114 Safari/537.36"
[2021-04-08T18:09:42.303] [WARN] http - ::1 - - "GET /codefly/update_check HTTP/1.1" 304 - "" "Mozilla/5.0 (Macintosh; Intel Mac OS X 11_2_3) AppleWebKit/537.36 (KHTML, like Gecko) Chrome/89.0.4389.114 Safari/537.36"
[2021-04-08T18:09:42.479] [WARN] http - ::1 - - "GET /codefly/update_check HTTP/1.1" 304 - "" "Mozilla/5.0 (Macintosh; Intel Mac OS X 11_2_3) AppleWebKit/537.36 (KHTML, like Gecko) Chrome/89.0.4389.114 Safari/537.36"
[2021-04-08T18:09:42.658] [WARN] http - ::1 - - "GET /codefly/update_check HTTP/1.1" 304 - "" "Mozilla/5.0 (Macintosh; Intel Mac OS X 11_2_3) AppleWebKit/537.36 (KHTML, like Gecko) Chrome/89.0.4389.114 Safari/537.36"
[2021-04-08T18:09:42.792] [WARN] http - ::1 - - "GET /codefly/update_check HTTP/1.1" 304 - "" "Mozilla/5.0 (Macintosh; Intel Mac OS X 11_2_3) AppleWebKit/537.36 (KHTML, like Gecko) Chrome/89.0.4389.114 Safari/537.36"
[2021-04-08T18:09:42.969] [WARN] http - ::1 - - "GET /codefly/update_check HTTP/1.1" 304 - "" "Mozilla/5.0 (Macintosh; Intel Mac OS X 11_2_3) AppleWebKit/537.36 (KHTML, like Gecko) Chrome/89.0.4389.114 Safari/537.36"
[2021-04-08T18:11:02.307] [WARN] http - ::1 - - "GET /codefly/update_check HTTP/1.1" 304 - "" "Mozilla/5.0 (Macintosh; Intel Mac OS X 11_2_3) AppleWebKit/537.36 (KHTML, like Gecko) Chrome/89.0.4389.114 Safari/537.36"
[2021-04-08T18:14:30.219] [WARN] http - ::1 - - "GET /codefly/update_check HTTP/1.1" 304 - "" "Mozilla/5.0 (Macintosh; Intel Mac OS X 11_2_3) AppleWebKit/537.36 (KHTML, like Gecko) Chrome/89.0.4389.114 Safari/537.36"
[2021-04-08T18:14:52.472] [WARN] http - ::1 - - "GET /codefly/update_check HTTP/1.1" 304 - "" "Mozilla/5.0 (Macintosh; Intel Mac OS X 11_2_3) AppleWebKit/537.36 (KHTML, like Gecko) Chrome/89.0.4389.114 Safari/537.36"
[2021-04-08T18:14:55.893] [WARN] http - ::1 - - "GET /codefly/update_check HTTP/1.1" 304 - "" "Mozilla/5.0 (Macintosh; Intel Mac OS X 11_2_3) AppleWebKit/537.36 (KHTML, like Gecko) Chrome/89.0.4389.114 Safari/537.36"
[2021-04-08T18:15:04.151] [WARN] http - ::1 - - "GET /codefly/update_check HTTP/1.1" 304 - "" "Mozilla/5.0 (Macintosh; Intel Mac OS X 11_2_3) AppleWebKit/537.36 (KHTML, like Gecko) Chrome/89.0.4389.114 Safari/537.36"
[2021-04-08T18:15:04.428] [WARN] http - ::1 - - "GET /codefly/update_check HTTP/1.1" 304 - "" "Mozilla/5.0 (Macintosh; Intel Mac OS X 11_2_3) AppleWebKit/537.36 (KHTML, like Gecko) Chrome/89.0.4389.114 Safari/537.36"
[2021-04-08T18:15:04.592] [WARN] http - ::1 - - "GET /codefly/update_check HTTP/1.1" 304 - "" "Mozilla/5.0 (Macintosh; Intel Mac OS X 11_2_3) AppleWebKit/537.36 (KHTML, like Gecko) Chrome/89.0.4389.114 Safari/537.36"
