[2020-12-17T14:48:17.863] [INFO] http - ::1 - - "GET /banner HTTP/1.1" 200 927 "" "PostmanRuntime/7.26.8"
[2020-12-17T14:48:35.440] [INFO] http - ::1 - - "GET /banner HTTP/1.1" 200 927 "" "PostmanRuntime/7.26.8"
[2020-12-17T14:48:36.595] [INFO] http - ::1 - - "GET /banner HTTP/1.1" 200 927 "" "PostmanRuntime/7.26.8"
[2020-12-17T14:48:44.745] [INFO] http - ::1 - - "GET /banner HTTP/1.1" 200 927 "" "PostmanRuntime/7.26.8"
[2020-12-17T14:48:45.568] [INFO] http - ::1 - - "GET /banner HTTP/1.1" 200 927 "" "PostmanRuntime/7.26.8"
[2020-12-17T14:51:29.508] [INFO] http - ::1 - - "GET /banner HTTP/1.1" 200 927 "" "PostmanRuntime/7.26.8"
[2020-12-17T14:52:06.630] [INFO] http - ::1 - - "GET /banner HTTP/1.1" 200 927 "" "PostmanRuntime/7.26.8"
[2020-12-17T14:52:26.989] [INFO] http - ::1 - - "GET /banner HTTP/1.1" 200 927 "" "PostmanRuntime/7.26.8"
[2020-12-17T14:53:02.264] [INFO] http - ::1 - - "GET /banner HTTP/1.1" 200 927 "" "PostmanRuntime/7.26.8"
[2020-12-17T15:08:32.267] [INFO] http - ::1 - - "POST /news/list HTTP/1.1" 200 22936 "" "PostmanRuntime/7.26.8"
[2020-12-17T15:14:00.834] [INFO] http - ::1 - - "POST /news/list HTTP/1.1" 200 22936 "" "PostmanRuntime/7.26.8"
[2020-12-17T15:14:46.625] [INFO] http - ::1 - - "POST /news/list HTTP/1.1" 200 22936 "" "PostmanRuntime/7.26.8"
[2020-12-17T15:16:03.115] [INFO] http - ::1 - - "POST /news/list HTTP/1.1" 200 22936 "" "PostmanRuntime/7.26.8"
[2020-12-17T15:20:28.193] [INFO] http - ::1 - - "POST /news/list HTTP/1.1" 200 22936 "" "PostmanRuntime/7.26.8"
[2020-12-17T15:23:58.403] [INFO] http - ::1 - - "POST /news/list HTTP/1.1" 200 22936 "" "PostmanRuntime/7.26.8"
[2020-12-17T15:25:14.870] [INFO] http - ::1 - - "POST /news/list HTTP/1.1" 200 22936 "" "PostmanRuntime/7.26.8"
[2020-12-17T15:25:34.556] [INFO] http - ::1 - - "POST /news/list HTTP/1.1" 200 22936 "" "PostmanRuntime/7.26.8"
[2020-12-17T15:26:17.608] [INFO] http - ::1 - - "POST /news/list HTTP/1.1" 200 22936 "" "PostmanRuntime/7.26.8"
[2020-12-17T15:27:29.621] [INFO] http - ::1 - - "POST /news/list HTTP/1.1" 200 22285 "" "PostmanRuntime/7.26.8"
[2020-12-17T15:28:06.160] [INFO] http - ::1 - - "POST /news/list HTTP/1.1" 200 22285 "" "PostmanRuntime/7.26.8"
[2020-12-17T15:28:09.315] [INFO] http - ::1 - - "POST /news/list HTTP/1.1" 200 22285 "" "PostmanRuntime/7.26.8"
[2020-12-17T15:29:20.780] [INFO] http - ::1 - - "POST /news/list HTTP/1.1" 200 22285 "" "PostmanRuntime/7.26.8"
[2020-12-17T15:31:50.408] [INFO] http - ::1 - - "POST /user/appLogin HTTP/1.1" 200 62 "" "PostmanRuntime/7.26.8"
[2020-12-17T15:34:35.016] [INFO] http - ::1 - - "POST /news/list HTTP/1.1" 200 22285 "" "PostmanRuntime/7.26.8"
[2020-12-17T15:35:09.558] [INFO] http - ::1 - - "POST /news/list HTTP/1.1" 200 11369 "" "PostmanRuntime/7.26.8"
[2020-12-17T15:35:41.503] [INFO] http - ::1 - - "POST /news/list HTTP/1.1" 200 11369 "" "PostmanRuntime/7.26.8"
[2020-12-17T15:36:47.934] [INFO] http - ::1 - - "POST /news/list HTTP/1.1" 200 22923 "" "PostmanRuntime/7.26.8"
[2020-12-17T15:36:51.845] [INFO] http - ::1 - - "POST /news/list HTTP/1.1" 200 21294 "" "PostmanRuntime/7.26.8"
[2020-12-17T15:37:43.244] [INFO] http - ::1 - - "POST /news/list HTTP/1.1" 200 21294 "" "PostmanRuntime/7.26.8"
[2020-12-17T15:37:48.275] [INFO] http - ::1 - - "POST /news/list HTTP/1.1" 200 21294 "" "PostmanRuntime/7.26.8"
[2020-12-17T15:38:36.563] [INFO] http - ::1 - - "POST /news/list HTTP/1.1" 200 21294 "" "PostmanRuntime/7.26.8"
[2020-12-17T15:38:51.681] [INFO] http - ::1 - - "POST /news/list HTTP/1.1" 200 21294 "" "PostmanRuntime/7.26.8"
[2020-12-17T15:39:16.208] [INFO] http - ::1 - - "POST /news/list HTTP/1.1" 200 21294 "" "PostmanRuntime/7.26.8"
[2020-12-17T16:45:31.815] [INFO] http - ::1 - - "POST /news/yinschaolist HTTP/1.1" 200 70357 "" "PostmanRuntime/7.26.8"
[2020-12-17T16:45:48.289] [INFO] http - ::1 - - "POST /news/yinschaolist HTTP/1.1" 200 7721 "" "PostmanRuntime/7.26.8"
[2020-12-17T16:45:58.544] [INFO] http - ::1 - - "POST /news/yinschaolist HTTP/1.1" 200 3677 "" "PostmanRuntime/7.26.8"
[2020-12-17T16:49:22.418] [INFO] http - ::1 - - "POST /news/list HTTP/1.1" 200 1116 "" "PostmanRuntime/7.26.8"
[2020-12-17T16:51:02.889] [INFO] http - ::1 - - "POST /news/list HTTP/1.1" 200 1116 "" "PostmanRuntime/7.26.8"
[2020-12-17T16:51:17.254] [INFO] http - ::1 - - "POST /news/list HTTP/1.1" 200 1116 "" "PostmanRuntime/7.26.8"
[2020-12-17T20:18:42.156] [INFO] http - ::1 - - "POST /news/list HTTP/1.1" 200 1116 "" "PostmanRuntime/7.26.8"
[2020-12-17T20:44:52.680] [INFO] http - ::1 - - "POST /news/list HTTP/1.1" 200 1116 "" "PostmanRuntime/7.26.8"
[2020-12-17T20:45:08.914] [INFO] http - ::1 - - "POST /news/list HTTP/1.1" 200 2247 "" "PostmanRuntime/7.26.8"
[2020-12-17T20:45:51.026] [INFO] http - ::1 - - "POST /news/list HTTP/1.1" 200 2247 "" "PostmanRuntime/7.26.8"
[2020-12-17T20:47:13.792] [INFO] http - ::1 - - "POST /news/list HTTP/1.1" 200 2247 "" "PostmanRuntime/7.26.8"
[2020-12-17T20:51:44.894] [INFO] http - ::1 - - "POST /news/list HTTP/1.1" 200 2247 "" "PostmanRuntime/7.26.8"
[2020-12-17T20:52:45.229] [INFO] http - ::1 - - "POST /news/list HTTP/1.1" 200 2247 "" "PostmanRuntime/7.26.8"
[2020-12-17T20:52:51.387] [INFO] http - ::1 - - "POST /news/yingchaolist HTTP/1.1" 200 2 "" "PostmanRuntime/7.26.8"
[2020-12-17T20:59:58.635] [INFO] http - ::1 - - "POST /news/list HTTP/1.1" 200 2247 "" "PostmanRuntime/7.26.8"
[2020-12-17T21:00:54.610] [INFO] http - ::1 - - "POST /news/list HTTP/1.1" 200 2304 "" "PostmanRuntime/7.26.8"
[2020-12-17T21:02:53.051] [INFO] http - ::1 - - "POST /news/yingchaolist HTTP/1.1" 200 76105 "" "PostmanRuntime/7.26.8"
[2020-12-17T21:03:00.755] [INFO] http - ::1 - - "POST /news/yingchaolist HTTP/1.1" 200 76105 "" "PostmanRuntime/7.26.8"
[2020-12-17T21:31:01.804] [INFO] http - ::1 - - "POST /news/list HTTP/1.1" 200 2296 "" "PostmanRuntime/7.26.8"
[2020-12-17T21:32:02.509] [INFO] http - ::1 - - "POST /news/list HTTP/1.1" 200 2296 "" "PostmanRuntime/7.26.8"
[2020-12-17T21:32:09.519] [INFO] http - ::1 - - "POST /news/list HTTP/1.1" 200 2296 "" "PostmanRuntime/7.26.8"
[2020-12-17T21:37:02.064] [INFO] http - ::1 - - "POST /news/list HTTP/1.1" 200 59 "" "PostmanRuntime/7.26.8"
[2020-12-17T21:42:25.008] [INFO] http - ::1 - - "POST /news/list HTTP/1.1" 200 2327 "" "PostmanRuntime/7.26.8"
[2020-12-17T21:45:33.553] [INFO] http - ::1 - - "POST /news/list HTTP/1.1" 200 2327 "" "PostmanRuntime/7.26.8"
[2020-12-17T21:45:42.353] [INFO] http - ::1 - - "POST /news/list HTTP/1.1" 200 2299 "" "PostmanRuntime/7.26.8"
